<?xml version="1.0" encoding="utf-8"?>
<CoverageSession xmlns:xsd="http://www.w3.org/2001/XMLSchema" xmlns:xsi="http://www.w3.org/2001/XMLSchema-instance">
  <Summary numSequencePoints="3" visitedSequencePoints="3" numBranchPoints="1" visitedBranchPoints="1" sequenceCoverage="100" branchCoverage="100" maxCyclomaticComplexity="1" minCyclomaticComplexity="1" visitedClasses="1" numClasses="1" visitedMethods="1" numMethods="1" />
  <Modules>
    <Module skippedDueTo="Filter" hash="D8-53-B0-07-8D-F9-9A-13-7D-98-00-E6-F2-C4-C4-74-70-5D-80-7A">
      <ModulePath>C:\Windows\Microsoft.Net\assembly\GAC_64\mscorlib\v4.0_4.0.0.0__b77a5c561934e089\mscorlib.dll</ModulePath>
      <ModuleTime>2015-11-05T19:34:06Z</ModuleTime>
      <ModuleName>mscorlib</ModuleName>
      <Classes />
    </Module>
    <Module skippedDueTo="Filter" hash="A0-13-70-5B-0F-CD-BB-71-34-C8-6E-8A-9A-2E-A1-8C-9B-38-AD-9B">
      <ModulePath>A:\Bureau\Git-Stuff\Project-Galt-Test\Galt\packages\NUnit.ConsoleRunner\3.5.0\tools\nunit3-console.exe</ModulePath>
      <ModuleTime>2016-10-11T18:54:10Z</ModuleTime>
      <ModuleName>nunit3-console</ModuleName>
      <Classes />
    </Module>
    <Module skippedDueTo="Filter" hash="EE-77-8B-34-FE-47-61-EA-AD-62-7D-B3-79-79-9C-B7-64-F3-12-03">
      <ModulePath>C:\Windows\Microsoft.Net\assembly\GAC_MSIL\System\v4.0_4.0.0.0__b77a5c561934e089\System.dll</ModulePath>
      <ModuleTime>2015-11-05T19:36:48Z</ModuleTime>
      <ModuleName>System</ModuleName>
      <Classes />
    </Module>
    <Module skippedDueTo="Filter" hash="23-9B-37-CD-E3-B0-C3-B3-4C-72-D5-84-68-14-6B-07-67-29-6F-32">
      <ModulePath>A:\Bureau\Git-Stuff\Project-Galt-Test\Galt\packages\NUnit.ConsoleRunner\3.5.0\tools\nunit.engine.api.dll</ModulePath>
      <ModuleTime>2016-10-11T18:54:10Z</ModuleTime>
      <ModuleName>nunit.engine.api</ModuleName>
      <Classes />
    </Module>
    <Module skippedDueTo="Filter" hash="35-46-24-68-5F-DE-7C-88-C7-BB-2B-7C-F8-A9-B7-FA-F8-8C-58-4D">
      <ModulePath>A:\Bureau\Git-Stuff\Project-Galt-Test\Galt\packages\NUnit.ConsoleRunner\3.5.0\tools\nunit.engine.dll</ModulePath>
      <ModuleTime>2016-10-11T18:54:10Z</ModuleTime>
      <ModuleName>nunit.engine</ModuleName>
      <Classes />
    </Module>
    <Module skippedDueTo="Filter" hash="35-46-24-68-5F-DE-7C-88-C7-BB-2B-7C-F8-A9-B7-FA-F8-8C-58-4D">
      <ModulePath>A:\Bureau\Git-Stuff\Project-Galt-Test\Galt\packages\NUnit.ConsoleRunner\3.5.0\tools\nunit.engine.dll</ModulePath>
      <ModuleTime>2016-10-11T18:54:10Z</ModuleTime>
      <ModuleName>nunit.engine</ModuleName>
      <Classes />
    </Module>
    <Module skippedDueTo="Filter" hash="F7-E9-75-D6-35-98-70-4A-0F-45-76-1B-B3-83-70-38-5E-DF-02-47">
      <ModulePath>C:\Windows\Microsoft.Net\assembly\GAC_MSIL\System.Xml\v4.0_4.0.0.0__b77a5c561934e089\System.Xml.dll</ModulePath>
      <ModuleTime>2015-11-05T19:36:48Z</ModuleTime>
      <ModuleName>System.Xml</ModuleName>
      <Classes />
    </Module>
    <Module skippedDueTo="Filter" hash="F3-16-D4-5E-C5-50-B3-22-7B-4E-24-71-CD-D2-35-E6-9C-74-2B-E4">
      <ModulePath>C:\Windows\Microsoft.Net\assembly\GAC_64\System.Web\v4.0_4.0.0.0__b03f5f7f11d50a3a\System.Web.dll</ModulePath>
      <ModuleTime>2015-11-05T19:34:06Z</ModuleTime>
      <ModuleName>System.Web</ModuleName>
      <Classes />
    </Module>
    <Module skippedDueTo="Filter" hash="8A-2E-8F-D6-9D-39-02-4A-2F-30-FC-06-42-F7-0F-A8-32-69-07-72">
      <ModulePath>A:\Bureau\Git-Stuff\Project-Galt-Test\Galt\packages\NUnit.ConsoleRunner\3.5.0\tools\Mono.Cecil.dll</ModulePath>
      <ModuleTime>2016-10-11T18:54:10Z</ModuleTime>
      <ModuleName>Mono.Cecil</ModuleName>
      <Classes />
    </Module>
    <Module skippedDueTo="Filter" hash="0F-6F-F3-F5-1C-3A-A7-26-E2-D9-16-C9-A4-9C-AD-C3-B6-CA-24-A2">
      <ModulePath>C:\Windows\Microsoft.Net\assembly\GAC_MSIL\System.Runtime.Remoting\v4.0_4.0.0.0__b77a5c561934e089\System.Runtime.Remoting.dll</ModulePath>
      <ModuleTime>2015-11-05T19:36:48Z</ModuleTime>
      <ModuleName>System.Runtime.Remoting</ModuleName>
      <Classes />
    </Module>
    <Module skippedDueTo="Filter" hash="9C-DB-95-DC-25-D5-38-7E-C2-3A-20-8F-14-5D-A9-56-2A-D7-00-E3">
      <ModulePath>C:\Windows\Microsoft.Net\assembly\GAC_MSIL\System.Configuration\v4.0_4.0.0.0__b03f5f7f11d50a3a\System.Configuration.dll</ModulePath>
      <ModuleTime>2015-11-05T19:36:48Z</ModuleTime>
      <ModuleName>System.Configuration</ModuleName>
      <Classes />
    </Module>
    <Module skippedDueTo="Filter" hash="D8-53-B0-07-8D-F9-9A-13-7D-98-00-E6-F2-C4-C4-74-70-5D-80-7A">
      <ModulePath>C:\Windows\Microsoft.Net\assembly\GAC_64\mscorlib\v4.0_4.0.0.0__b77a5c561934e089\mscorlib.dll</ModulePath>
      <ModuleTime>2015-11-05T19:34:06Z</ModuleTime>
      <ModuleName>mscorlib</ModuleName>
      <Classes />
    </Module>
    <Module skippedDueTo="Filter" hash="AB-84-7C-11-E5-DD-09-44-4B-08-A7-34-46-68-8B-BB-1B-1C-31-D2">
      <ModulePath>A:\Bureau\Git-Stuff\Project-Galt-Test\Galt\packages\NUnit.ConsoleRunner\3.5.0\tools\nunit-agent.exe</ModulePath>
      <ModuleTime>2016-10-11T18:54:10Z</ModuleTime>
      <ModuleName>nunit-agent</ModuleName>
      <Classes />
    </Module>
    <Module skippedDueTo="Filter" hash="35-46-24-68-5F-DE-7C-88-C7-BB-2B-7C-F8-A9-B7-FA-F8-8C-58-4D">
      <ModulePath>A:\Bureau\Git-Stuff\Project-Galt-Test\Galt\packages\NUnit.ConsoleRunner\3.5.0\tools\nunit.engine.dll</ModulePath>
      <ModuleTime>2016-10-11T18:54:10Z</ModuleTime>
      <ModuleName>nunit.engine</ModuleName>
      <Classes />
    </Module>
    <Module skippedDueTo="Filter" hash="23-9B-37-CD-E3-B0-C3-B3-4C-72-D5-84-68-14-6B-07-67-29-6F-32">
      <ModulePath>A:\Bureau\Git-Stuff\Project-Galt-Test\Galt\packages\NUnit.ConsoleRunner\3.5.0\tools\nunit.engine.api.dll</ModulePath>
      <ModuleTime>2016-10-11T18:54:10Z</ModuleTime>
      <ModuleName>nunit.engine.api</ModuleName>
      <Classes />
    </Module>
    <Module skippedDueTo="Filter" hash="EE-77-8B-34-FE-47-61-EA-AD-62-7D-B3-79-79-9C-B7-64-F3-12-03">
      <ModulePath>C:\Windows\Microsoft.Net\assembly\GAC_MSIL\System\v4.0_4.0.0.0__b77a5c561934e089\System.dll</ModulePath>
      <ModuleTime>2015-11-05T19:36:48Z</ModuleTime>
      <ModuleName>System</ModuleName>
      <Classes />
    </Module>
    <Module skippedDueTo="Filter" hash="0F-6F-F3-F5-1C-3A-A7-26-E2-D9-16-C9-A4-9C-AD-C3-B6-CA-24-A2">
      <ModulePath>C:\Windows\Microsoft.Net\assembly\GAC_MSIL\System.Runtime.Remoting\v4.0_4.0.0.0__b77a5c561934e089\System.Runtime.Remoting.dll</ModulePath>
      <ModuleTime>2015-11-05T19:36:48Z</ModuleTime>
      <ModuleName>System.Runtime.Remoting</ModuleName>
      <Classes />
    </Module>
    <Module skippedDueTo="Filter" hash="F7-E9-75-D6-35-98-70-4A-0F-45-76-1B-B3-83-70-38-5E-DF-02-47">
      <ModulePath>C:\Windows\Microsoft.Net\assembly\GAC_MSIL\System.Xml\v4.0_4.0.0.0__b77a5c561934e089\System.Xml.dll</ModulePath>
      <ModuleTime>2015-11-05T19:36:48Z</ModuleTime>
      <ModuleName>System.Xml</ModuleName>
      <Classes />
    </Module>
    <Module skippedDueTo="Filter" hash="F3-16-D4-5E-C5-50-B3-22-7B-4E-24-71-CD-D2-35-E6-9C-74-2B-E4">
      <ModulePath>C:\Windows\Microsoft.Net\assembly\GAC_64\System.Web\v4.0_4.0.0.0__b03f5f7f11d50a3a\System.Web.dll</ModulePath>
      <ModuleTime>2015-11-05T19:34:06Z</ModuleTime>
      <ModuleName>System.Web</ModuleName>
      <Classes />
    </Module>
    <Module skippedDueTo="Filter" hash="8A-2E-8F-D6-9D-39-02-4A-2F-30-FC-06-42-F7-0F-A8-32-69-07-72">
      <ModulePath>A:\Bureau\Git-Stuff\Project-Galt-Test\Galt\packages\NUnit.ConsoleRunner\3.5.0\tools\Mono.Cecil.dll</ModulePath>
      <ModuleTime>2016-10-11T18:54:10Z</ModuleTime>
      <ModuleName>Mono.Cecil</ModuleName>
      <Classes />
    </Module>
    <Module skippedDueTo="Filter" hash="9C-DB-95-DC-25-D5-38-7E-C2-3A-20-8F-14-5D-A9-56-2A-D7-00-E3">
      <ModulePath>C:\Windows\Microsoft.Net\assembly\GAC_MSIL\System.Configuration\v4.0_4.0.0.0__b03f5f7f11d50a3a\System.Configuration.dll</ModulePath>
      <ModuleTime>2015-11-05T19:36:48Z</ModuleTime>
      <ModuleName>System.Configuration</ModuleName>
      <Classes />
    </Module>
    <Module skippedDueTo="Filter" hash="E7-66-5A-18-D3-04-27-DC-E1-A7-6B-CE-09-1D-64-31-67-96-A3-8F">
      <ModulePath>A:\Bureau\Git-Stuff\Project-Galt-Test\Galt\src\Test.Tests\bin\Debug\net46\win7-x64\nunit.framework.dll</ModulePath>
      <ModuleTime>2016-10-03T18:52:56Z</ModuleTime>
      <ModuleName>nunit.framework</ModuleName>
      <Classes />
    </Module>
    <Module skippedDueTo="Filter" hash="EE-77-8B-34-FE-47-61-EA-AD-62-7D-B3-79-79-9C-B7-64-F3-12-03">
      <ModulePath>C:\Windows\Microsoft.Net\assembly\GAC_MSIL\System\v4.0_4.0.0.0__b77a5c561934e089\System.dll</ModulePath>
      <ModuleTime>2015-11-05T19:36:48Z</ModuleTime>
      <ModuleName>System</ModuleName>
      <Classes />
    </Module>
    <Module skippedDueTo="Filter" hash="31-76-6A-81-5B-45-2B-B2-02-8C-E4-69-D2-C3-8F-87-B1-54-25-E8">
      <ModulePath>C:\Windows\Microsoft.Net\assembly\GAC_MSIL\System.Core\v4.0_4.0.0.0__b77a5c561934e089\System.Core.dll</ModulePath>
      <ModuleTime>2015-11-05T19:36:48Z</ModuleTime>
      <ModuleName>System.Core</ModuleName>
      <Classes />
    </Module>
    <Module skippedDueTo="Filter" hash="F3-16-D4-5E-C5-50-B3-22-7B-4E-24-71-CD-D2-35-E6-9C-74-2B-E4">
      <ModulePath>C:\Windows\Microsoft.Net\assembly\GAC_64\System.Web\v4.0_4.0.0.0__b03f5f7f11d50a3a\System.Web.dll</ModulePath>
      <ModuleTime>2015-11-05T19:34:06Z</ModuleTime>
      <ModuleName>System.Web</ModuleName>
      <Classes />
    </Module>
    <Module skippedDueTo="Filter" hash="74-BB-66-DC-84-16-75-01-12-1C-9F-D1-16-E8-3A-6D-99-84-56-E9">
      <ModulePath>A:\Bureau\Git-Stuff\Project-Galt-Test\Galt\src\Test.Tests\bin\Debug\net46\win7-x64\Test.Tests.exe</ModulePath>
      <ModuleTime>2016-11-16T15:22:42.46025Z</ModuleTime>
      <ModuleName>Test.Tests</ModuleName>
      <Classes />
    </Module>
    <Module skippedDueTo="Filter" hash="F7-E9-75-D6-35-98-70-4A-0F-45-76-1B-B3-83-70-38-5E-DF-02-47">
      <ModulePath>C:\Windows\Microsoft.Net\assembly\GAC_MSIL\System.Xml\v4.0_4.0.0.0__b77a5c561934e089\System.Xml.dll</ModulePath>
      <ModuleTime>2015-11-05T19:36:48Z</ModuleTime>
      <ModuleName>System.Xml</ModuleName>
      <Classes />
    </Module>
    <Module hash="F7-41-5D-F4-11-81-E9-D6-A3-12-AB-CC-4F-64-17-FA-2B-30-56-B6">
      <Summary numSequencePoints="3" visitedSequencePoints="3" numBranchPoints="1" visitedBranchPoints="1" sequenceCoverage="100" branchCoverage="100" maxCyclomaticComplexity="1" minCyclomaticComplexity="1" visitedClasses="1" numClasses="1" visitedMethods="1" numMethods="1" />
      <ModulePath>A:\Bureau\Git-Stuff\Project-Galt-Test\Galt\src\Test.Tests\bin\Debug\net46\win7-x64\Test.dll</ModulePath>
      <ModuleTime>2016-11-16T15:22:40.4801368Z</ModuleTime>
      <ModuleName>Test</ModuleName>
      <Files>
        <File uid="1" fullPath="A:\Bureau\Git-Stuff\Project-Galt-Test\Galt\src\Test\Class1.cs" />
      </Files>
      <Classes>
        <Class>
          <Summary numSequencePoints="0" visitedSequencePoints="0" numBranchPoints="0" visitedBranchPoints="0" sequenceCoverage="0" branchCoverage="0" maxCyclomaticComplexity="0" minCyclomaticComplexity="0" visitedClasses="0" numClasses="0" visitedMethods="0" numMethods="0" />
          <FullName>&lt;Module&gt;</FullName>
          <Methods />
        </Class>
        <Class>
          <Summary numSequencePoints="3" visitedSequencePoints="3" numBranchPoints="1" visitedBranchPoints="1" sequenceCoverage="100" branchCoverage="100" maxCyclomaticComplexity="1" minCyclomaticComplexity="1" visitedClasses="1" numClasses="1" visitedMethods="1" numMethods="1" />
          <FullName>Test.Class1</FullName>
          <Methods>
            <Method visited="true" cyclomaticComplexity="1" nPathComplexity="0" sequenceCoverage="100" branchCoverage="100" isConstructor="false" isStatic="false" isGetter="false" isSetter="false">
              <Summary numSequencePoints="3" visitedSequencePoints="3" numBranchPoints="1" visitedBranchPoints="1" sequenceCoverage="100" branchCoverage="100" maxCyclomaticComplexity="1" minCyclomaticComplexity="1" visitedClasses="0" numClasses="0" visitedMethods="1" numMethods="1" />
              <MetadataToken>100663297</MetadataToken>
              <Name>System.Int32 Test.Class1::Addition(System.Int32,System.Int32)</Name>
              <FileRef uid="1" />
              <SequencePoints>
                <SequencePoint vc="1" uspid="1" ordinal="0" offset="0" sl="11" sc="9" el="11" ec="10" bec="0" bev="0" fileid="1" />
                <SequencePoint vc="1" uspid="2" ordinal="1" offset="1" sl="12" sc="13" el="12" ec="28" bec="0" bev="0" fileid="1" />
                <SequencePoint vc="1" uspid="3" ordinal="2" offset="7" sl="13" sc="9" el="13" ec="10" bec="0" bev="0" fileid="1" />
              </SequencePoints>
              <BranchPoints />
              <MethodPoint xsi:type="SequencePoint" vc="1" uspid="1" ordinal="0" offset="0" sl="11" sc="9" el="11" ec="10" bec="0" bev="0" fileid="1" />
            </Method>
            <Method visited="true" cyclomaticComplexity="1" nPathComplexity="0" sequenceCoverage="0" branchCoverage="0" isConstructor="true" isStatic="false" isGetter="false" isSetter="false">
              <Summary numSequencePoints="0" visitedSequencePoints="0" numBranchPoints="0" visitedBranchPoints="0" sequenceCoverage="0" branchCoverage="0" maxCyclomaticComplexity="1" minCyclomaticComplexity="1" visitedClasses="0" numClasses="0" visitedMethods="0" numMethods="0" />
              <MetadataToken>100663298</MetadataToken>
              <Name>System.Void Test.Class1::.ctor()</Name>
              <SequencePoints />
              <BranchPoints />
              <MethodPoint vc="1" uspid="4" ordinal="0" offset="0" />
            </Method>
          </Methods>
        </Class>
      </Classes>
    </Module>
    <Module skippedDueTo="Filter" hash="8B-20-04-A2-16-C0-E6-4B-B6-AA-A0-95-28-32-B9-F8-F9-B8-89-34">
      <ModulePath>C:\Windows\Microsoft.Net\assembly\GAC_MSIL\mscorlib.resources\v4.0_4.0.0.0_fr_b77a5c561934e089\mscorlib.resources.dll</ModulePath>
      <ModuleTime>2015-11-05T21:25:32Z</ModuleTime>
      <ModuleName>mscorlib.resources</ModuleName>
      <Classes />
    </Module>
  </Modules>
</CoverageSession>